2021-02-09 23:52:24 [scrapy.utils.log] INFO: Scrapy 2.3.0 started (bot: EBCodeSearch)
2021-02-09 23:52:24 [scrapy.utils.log] INFO: Versions: lxml 4.5.2.0, libxml2 2.9.5, cssselect 1.1.0, parsel 1.6.0, w3lib 1.22.0, Twisted 20.3.0, Python 3.6.8 (tags/v3.6.8:3c6b436a57, Dec 24 2018, 00:16:47) [MSC v.1916 64 bit (AMD64)], pyOpenSSL 19.1.0 (OpenSSL 1.1.1g  21 Apr 2020), cryptography 3.0, Platform Windows-10-10.0.18362-SP0
2021-02-09 23:52:24 [scrapy.utils.log] DEBUG: Using reactor: twisted.internet.selectreactor.SelectReactor
2021-02-09 23:52:24 [spiderLogger] INFO: Spider [gitee_spider] start
2021-02-09 23:52:24 [scrapy.crawler] INFO: Overridden settings:
{'BOT_NAME': 'EBCodeSearch',
 'COMMANDS_MODULE': 'EBCodeSearch.commands',
 'LOG_FILE': 'EBCodeSearch/Log/2021-02-09.log',
 'NEWSPIDER_MODULE': 'EBCodeSearch.spiders',
 'ROBOTSTXT_OBEY': True,
 'SPIDER_MODULES': ['EBCodeSearch.spiders'],
 'USER_AGENT': 'Mozilla/5.0 (Macintosh; Intel Mac OS X 10_13_5) '
               'AppleWebKit/537.36 (KHTML, like Gecko) Chrome/68.0.3440.106 '
               'Safari/537.36'}
2021-02-09 23:52:24 [scrapy.extensions.telnet] INFO: Telnet Password: 209f9f5e80b70b24
2021-02-09 23:52:25 [scrapy.middleware] INFO: Enabled extensions:
['scrapy.extensions.corestats.CoreStats',
 'scrapy.extensions.telnet.TelnetConsole',
 'scrapy.extensions.logstats.LogStats']
2021-02-09 23:52:26 [scrapy.middleware] INFO: Enabled downloader middlewares:
['scrapy.downloadermiddlewares.robotstxt.RobotsTxtMiddleware',
 'scrapy.downloadermiddlewares.httpauth.HttpAuthMiddleware',
 'scrapy.downloadermiddlewares.downloadtimeout.DownloadTimeoutMiddleware',
 'scrapy.downloadermiddlewares.defaultheaders.DefaultHeadersMiddleware',
 'scrapy.downloadermiddlewares.useragent.UserAgentMiddleware',
 'scrapy.downloadermiddlewares.retry.RetryMiddleware',
 'scrapy.downloadermiddlewares.redirect.MetaRefreshMiddleware',
 'scrapy.downloadermiddlewares.httpcompression.HttpCompressionMiddleware',
 'scrapy.downloadermiddlewares.redirect.RedirectMiddleware',
 'scrapy.downloadermiddlewares.cookies.CookiesMiddleware',
 'scrapy.downloadermiddlewares.httpproxy.HttpProxyMiddleware',
 'scrapy.downloadermiddlewares.stats.DownloaderStats']
2021-02-09 23:52:26 [scrapy.middleware] INFO: Enabled spider middlewares:
['scrapy.spidermiddlewares.httperror.HttpErrorMiddleware',
 'scrapy.spidermiddlewares.offsite.OffsiteMiddleware',
 'scrapy.spidermiddlewares.referer.RefererMiddleware',
 'scrapy.spidermiddlewares.urllength.UrlLengthMiddleware',
 'scrapy.spidermiddlewares.depth.DepthMiddleware']
2021-02-09 23:52:26 [scrapy.middleware] INFO: Enabled item pipelines:
['EBCodeSearch.pipelines.EbcodesearchPipeline']
2021-02-09 23:52:26 [scrapy.core.engine] INFO: Spider opened
2021-02-09 23:52:26 [spiderLogger] INFO: Open File : EBCodeSearch/Data\gitee_spider.json
2021-02-09 23:52:27 [scrapy.extensions.logstats] INFO: Crawled 0 pages (at 0 pages/min), scraped 0 items (at 0 items/min)
2021-02-09 23:52:27 [scrapy.extensions.telnet] INFO: Telnet console listening on 127.0.0.1:6023
2021-02-09 23:52:27 [spiderLogger] INFO: Spider [github_spider] start
2021-02-09 23:52:27 [scrapy.crawler] INFO: Overridden settings:
{'BOT_NAME': 'EBCodeSearch',
 'COMMANDS_MODULE': 'EBCodeSearch.commands',
 'LOG_FILE': 'EBCodeSearch/Log/2021-02-09.log',
 'NEWSPIDER_MODULE': 'EBCodeSearch.spiders',
 'ROBOTSTXT_OBEY': True,
 'SPIDER_MODULES': ['EBCodeSearch.spiders'],
 'USER_AGENT': 'Mozilla/5.0 (Macintosh; Intel Mac OS X 10_13_5) '
               'AppleWebKit/537.36 (KHTML, like Gecko) Chrome/68.0.3440.106 '
               'Safari/537.36'}
2021-02-09 23:52:27 [scrapy.extensions.telnet] INFO: Telnet Password: 0338ad7fade55d1f
2021-02-09 23:52:27 [scrapy.middleware] INFO: Enabled extensions:
['scrapy.extensions.corestats.CoreStats',
 'scrapy.extensions.telnet.TelnetConsole',
 'scrapy.extensions.logstats.LogStats']
2021-02-09 23:52:27 [scrapy.middleware] INFO: Enabled downloader middlewares:
['scrapy.downloadermiddlewares.robotstxt.RobotsTxtMiddleware',
 'scrapy.downloadermiddlewares.httpauth.HttpAuthMiddleware',
 'scrapy.downloadermiddlewares.downloadtimeout.DownloadTimeoutMiddleware',
 'scrapy.downloadermiddlewares.defaultheaders.DefaultHeadersMiddleware',
 'scrapy.downloadermiddlewares.useragent.UserAgentMiddleware',
 'scrapy.downloadermiddlewares.retry.RetryMiddleware',
 'scrapy.downloadermiddlewares.redirect.MetaRefreshMiddleware',
 'scrapy.downloadermiddlewares.httpcompression.HttpCompressionMiddleware',
 'scrapy.downloadermiddlewares.redirect.RedirectMiddleware',
 'scrapy.downloadermiddlewares.cookies.CookiesMiddleware',
 'scrapy.downloadermiddlewares.httpproxy.HttpProxyMiddleware',
 'scrapy.downloadermiddlewares.stats.DownloaderStats']
2021-02-09 23:52:27 [scrapy.middleware] INFO: Enabled spider middlewares:
['scrapy.spidermiddlewares.httperror.HttpErrorMiddleware',
 'scrapy.spidermiddlewares.offsite.OffsiteMiddleware',
 'scrapy.spidermiddlewares.referer.RefererMiddleware',
 'scrapy.spidermiddlewares.urllength.UrlLengthMiddleware',
 'scrapy.spidermiddlewares.depth.DepthMiddleware']
2021-02-09 23:52:27 [scrapy.middleware] INFO: Enabled item pipelines:
['EBCodeSearch.pipelines.EbcodesearchPipeline']
2021-02-09 23:52:27 [scrapy.core.engine] INFO: Spider opened
2021-02-09 23:52:27 [spiderLogger] INFO: Open File : EBCodeSearch/Data\github_spider.json
2021-02-09 23:52:27 [scrapy.extensions.logstats] INFO: Crawled 0 pages (at 0 pages/min), scraped 0 items (at 0 items/min)
2021-02-09 23:52:27 [scrapy.extensions.telnet] INFO: Telnet console listening on 127.0.0.1:6024
2021-02-09 23:52:27 [spiderLogger] INFO: Spider [gitlab_spider] start
2021-02-09 23:52:27 [scrapy.crawler] INFO: Overridden settings:
{'BOT_NAME': 'EBCodeSearch',
 'COMMANDS_MODULE': 'EBCodeSearch.commands',
 'LOG_FILE': 'EBCodeSearch/Log/2021-02-09.log',
 'NEWSPIDER_MODULE': 'EBCodeSearch.spiders',
 'ROBOTSTXT_OBEY': True,
 'SPIDER_MODULES': ['EBCodeSearch.spiders'],
 'USER_AGENT': 'Mozilla/5.0 (Macintosh; Intel Mac OS X 10_13_5) '
               'AppleWebKit/537.36 (KHTML, like Gecko) Chrome/68.0.3440.106 '
               'Safari/537.36'}
2021-02-09 23:52:27 [scrapy.extensions.telnet] INFO: Telnet Password: 7bbb90ad4df8a6a3
2021-02-09 23:52:27 [scrapy.middleware] INFO: Enabled extensions:
['scrapy.extensions.corestats.CoreStats',
 'scrapy.extensions.telnet.TelnetConsole',
 'scrapy.extensions.logstats.LogStats']
2021-02-09 23:52:27 [scrapy.middleware] INFO: Enabled downloader middlewares:
['scrapy.downloadermiddlewares.robotstxt.RobotsTxtMiddleware',
 'scrapy.downloadermiddlewares.httpauth.HttpAuthMiddleware',
 'scrapy.downloadermiddlewares.downloadtimeout.DownloadTimeoutMiddleware',
 'scrapy.downloadermiddlewares.defaultheaders.DefaultHeadersMiddleware',
 'scrapy.downloadermiddlewares.useragent.UserAgentMiddleware',
 'scrapy.downloadermiddlewares.retry.RetryMiddleware',
 'scrapy.downloadermiddlewares.redirect.MetaRefreshMiddleware',
 'scrapy.downloadermiddlewares.httpcompression.HttpCompressionMiddleware',
 'scrapy.downloadermiddlewares.redirect.RedirectMiddleware',
 'scrapy.downloadermiddlewares.cookies.CookiesMiddleware',
 'scrapy.downloadermiddlewares.httpproxy.HttpProxyMiddleware',
 'scrapy.downloadermiddlewares.stats.DownloaderStats']
2021-02-09 23:52:27 [scrapy.middleware] INFO: Enabled spider middlewares:
['scrapy.spidermiddlewares.httperror.HttpErrorMiddleware',
 'scrapy.spidermiddlewares.offsite.OffsiteMiddleware',
 'scrapy.spidermiddlewares.referer.RefererMiddleware',
 'scrapy.spidermiddlewares.urllength.UrlLengthMiddleware',
 'scrapy.spidermiddlewares.depth.DepthMiddleware']
2021-02-09 23:52:27 [scrapy.middleware] INFO: Enabled item pipelines:
['EBCodeSearch.pipelines.EbcodesearchPipeline']
2021-02-09 23:52:27 [scrapy.core.engine] INFO: Spider opened
2021-02-09 23:52:27 [spiderLogger] INFO: Open File : EBCodeSearch/Data\gitlab_spider.json
2021-02-09 23:52:27 [scrapy.extensions.logstats] INFO: Crawled 0 pages (at 0 pages/min), scraped 0 items (at 0 items/min)
2021-02-09 23:52:27 [scrapy.extensions.telnet] INFO: Telnet console listening on 127.0.0.1:6025
2021-02-09 23:52:27 [spiderLogger] INFO: Request URL : https://gitee.com/api/v5/search/repositories?q=com.migu.reading
2021-02-09 23:52:27 [spiderLogger] INFO: Request URL : https://api.github.com/search/repositories?q=com.migu.reading&per_page=30
2021-02-09 23:52:27 [spiderLogger] INFO: Request URL : https://gitlab.com/api/v4/search?search=com.migu.reading&scope=projects&private_token=ZW9v-iPAqCsWzdQRqecZ
2021-02-09 23:52:27 [spiderLogger] INFO: Request URL : https://gitee.com/api/v5/search/repositories?q=com.huawei.ereading
2021-02-09 23:52:27 [spiderLogger] INFO: Request URL : https://api.github.com/search/repositories?q=com.huawei.ereading&per_page=30
2021-02-09 23:52:27 [spiderLogger] INFO: Request URL : https://gitlab.com/api/v4/search?search=com.huawei.ereading&scope=projects&private_token=ZW9v-iPAqCsWzdQRqecZ
2021-02-09 23:52:27 [spiderLogger] INFO: Request URL : https://gitee.com/api/v5/search/repositories?q=com.cmread.cmu
2021-02-09 23:52:27 [spiderLogger] INFO: Request URL : https://api.github.com/search/repositories?q=com.cmread.cmu&per_page=30
2021-02-09 23:52:27 [spiderLogger] INFO: Request URL : https://gitlab.com/api/v4/search?search=com.cmread.cmu&scope=projects&private_token=ZW9v-iPAqCsWzdQRqecZ
2021-02-09 23:52:27 [spiderLogger] INFO: Request URL : https://gitee.com/api/v5/search/repositories?q=io.cmread
2021-02-09 23:52:27 [spiderLogger] INFO: Request URL : https://api.github.com/search/repositories?q=io.cmread&per_page=30
2021-02-09 23:52:27 [spiderLogger] INFO: Request URL : https://gitlab.com/api/v4/search?search=io.cmread&scope=projects&private_token=ZW9v-iPAqCsWzdQRqecZ
2021-02-09 23:52:27 [spiderLogger] INFO: Request URL : https://gitee.com/api/v5/search/repositories?q=com.wondertek.epubmaker
2021-02-09 23:52:27 [spiderLogger] INFO: Request URL : https://api.github.com/search/repositories?q=com.wondertek.epubmaker&per_page=30
2021-02-09 23:52:27 [spiderLogger] INFO: Request URL : https://gitlab.com/api/v4/search?search=com.wondertek.epubmaker&scope=projects&private_token=ZW9v-iPAqCsWzdQRqecZ
2021-02-09 23:52:27 [spiderLogger] INFO: Request URL : https://gitee.com/api/v5/search/repositories?q=InteractionManager
2021-02-09 23:52:27 [spiderLogger] INFO: Request URL : https://api.github.com/search/repositories?q=InteractionManager&per_page=30
2021-02-09 23:52:27 [spiderLogger] INFO: Request URL : https://gitlab.com/api/v4/search?search=InteractionManager&scope=projects&private_token=ZW9v-iPAqCsWzdQRqecZ
2021-02-09 23:52:27 [spiderLogger] INFO: Request URL : https://gitee.com/api/v5/search/repositories?q=https%3A//nexus.cmread.com
2021-02-09 23:52:27 [spiderLogger] INFO: Request URL : https://api.github.com/search/repositories?q=https%3A//nexus.cmread.com&per_page=30
2021-02-09 23:52:27 [spiderLogger] INFO: Request URL : https://gitlab.com/api/v4/search?search=https%3A//nexus.cmread.com&scope=projects&private_token=ZW9v-iPAqCsWzdQRqecZ
2021-02-09 23:52:27 [spiderLogger] INFO: Request URL : https://gitee.com/api/v5/search/repositories?q=sm.cmread.com
2021-02-09 23:52:27 [spiderLogger] INFO: Request URL : https://api.github.com/search/repositories?q=sm.cmread.com&per_page=30
2021-02-09 23:52:27 [spiderLogger] INFO: Request URL : https://gitlab.com/api/v4/search?search=sm.cmread.com&scope=projects&private_token=ZW9v-iPAqCsWzdQRqecZ
2021-02-09 23:52:27 [spiderLogger] INFO: Request URL : https://gitee.com/api/v5/search/repositories?q=cdn.cmread.com
2021-02-09 23:52:27 [spiderLogger] INFO: Request URL : https://api.github.com/search/repositories?q=cdn.cmread.com&per_page=30
2021-02-09 23:52:27 [spiderLogger] INFO: Request URL : https://gitlab.com/api/v4/search?search=cdn.cmread.com&scope=projects&private_token=ZW9v-iPAqCsWzdQRqecZ
2021-02-09 23:52:27 [spiderLogger] INFO: Request URL : https://gitee.com/api/v5/search/repositories?q=mrmp.cmread.com
2021-02-09 23:52:27 [spiderLogger] INFO: Request URL : https://api.github.com/search/repositories?q=mrmp.cmread.com&per_page=30
2021-02-09 23:52:27 [spiderLogger] INFO: Request URL : https://gitlab.com/api/v4/search?search=mrmp.cmread.com&scope=projects&private_token=ZW9v-iPAqCsWzdQRqecZ
2021-02-09 23:52:27 [spiderLogger] INFO: Request URL : https://gitee.com/api/v5/search/repositories?q=epubmaker.cmread.com
2021-02-09 23:52:27 [spiderLogger] INFO: Request URL : https://api.github.com/search/repositories?q=epubmaker.cmread.com&per_page=30
2021-02-09 23:52:27 [spiderLogger] INFO: Request URL : https://gitlab.com/api/v4/search?search=epubmaker.cmread.com&scope=projects&private_token=ZW9v-iPAqCsWzdQRqecZ
2021-02-09 23:52:28 [scrapy.core.engine] DEBUG: Crawled (200) <GET https://gitee.com/robots.txt> (referer: None)
2021-02-09 23:52:28 [scrapy.core.engine] DEBUG: Crawled (200) <GET https://gitee.com/api/v5/search/repositories?q=com.migu.reading> (referer: None)
2021-02-09 23:52:28 [scrapy.core.engine] DEBUG: Crawled (200) <GET https://gitlab.com/robots.txt> (referer: None)
2021-02-09 23:52:28 [scrapy.core.engine] DEBUG: Crawled (200) <GET https://gitee.com/api/v5/search/repositories?q=cdn.cmread.com> (referer: None)
2021-02-09 23:52:28 [scrapy.core.engine] DEBUG: Crawled (200) <GET https://gitee.com/api/v5/search/repositories?q=sm.cmread.com> (referer: None)
2021-02-09 23:52:29 [scrapy.core.engine] DEBUG: Crawled (200) <GET https://gitee.com/api/v5/search/repositories?q=com.cmread.cmu> (referer: None)
2021-02-09 23:52:29 [scrapy.core.engine] DEBUG: Crawled (200) <GET https://gitee.com/api/v5/search/repositories?q=https%3A//nexus.cmread.com> (referer: None)
2021-02-09 23:52:29 [scrapy.core.engine] DEBUG: Crawled (200) <GET https://gitee.com/api/v5/search/repositories?q=com.huawei.ereading> (referer: None)
2021-02-09 23:52:29 [scrapy.core.engine] DEBUG: Crawled (200) <GET https://gitee.com/api/v5/search/repositories?q=com.wondertek.epubmaker> (referer: None)
2021-02-09 23:52:29 [scrapy.core.engine] DEBUG: Crawled (200) <GET https://gitee.com/api/v5/search/repositories?q=io.cmread> (referer: None)
2021-02-09 23:52:29 [scrapy.core.engine] DEBUG: Crawled (200) <GET https://gitee.com/api/v5/search/repositories?q=InteractionManager> (referer: None)
2021-02-09 23:52:29 [scrapy.core.engine] DEBUG: Crawled (200) <GET https://gitee.com/api/v5/search/repositories?q=epubmaker.cmread.com> (referer: None)
2021-02-09 23:52:29 [scrapy.core.engine] DEBUG: Crawled (200) <GET https://gitee.com/api/v5/search/repositories?q=mrmp.cmread.com> (referer: None)
2021-02-09 23:52:29 [spiderLogger] INFO: Dump data from spider [gitee_spider]
2021-02-09 23:52:29 [scrapy.core.scraper] DEBUG: Scraped from <200 https://gitee.com/api/v5/search/repositories?q=InteractionManager>
{'created_at': '2017-07-07T17:21:48+08:00',
 'description': 'CRM - Composer Registry Manager Composer Registry Manager '
                '可以帮助你轻松的在不同的源之间进行切换 安装 通过composer安装\xa0 $\xa0com',
 'name': '极速 Gitee',
 'private': False,
 'repo_url': 'https://gitee.com/mirrors/composer-registry-manager.git',
 'updated_at': '2020-10-21T18:20:15+08:00',
 'user_url': 'https://gitee.com/mirrors_a'}
2021-02-09 23:52:29 [scrapy.core.engine] INFO: Closing spider (finished)
2021-02-09 23:52:29 [spiderLogger] INFO: Spider [gitee_spider] closed, file closed
2021-02-09 23:52:29 [scrapy.statscollectors] INFO: Dumping Scrapy stats:
{'downloader/request_bytes': 4068,
 'downloader/request_count': 12,
 'downloader/request_method_count/GET': 12,
 'downloader/response_bytes': 6330,
 'downloader/response_count': 12,
 'downloader/response_status_count/200': 12,
 'elapsed_time_seconds': 2.267645,
 'finish_reason': 'finished',
 'finish_time': datetime.datetime(2021, 2, 9, 15, 52, 29, 275997),
 'item_scraped_count': 1,
 'log_count/DEBUG': 14,
 'log_count/INFO': 68,
 'response_received_count': 12,
 'robotstxt/request_count': 1,
 'robotstxt/response_count': 1,
 'robotstxt/response_status_count/200': 1,
 'scheduler/dequeued': 11,
 'scheduler/dequeued/memory': 11,
 'scheduler/enqueued': 11,
 'scheduler/enqueued/memory': 11,
 'start_time': datetime.datetime(2021, 2, 9, 15, 52, 27, 8352)}
2021-02-09 23:52:29 [scrapy.core.engine] INFO: Spider closed (finished)
2021-02-09 23:52:29 [scrapy.core.engine] DEBUG: Crawled (200) <GET https://gitlab.com/api/v4/search?search=com.migu.reading&scope=projects&private_token=ZW9v-iPAqCsWzdQRqecZ> (referer: None)
2021-02-09 23:52:30 [spiderLogger] INFO: Parsing data from https://gitlab.com/api/v4/search?search=com.migu.reading&scope=projects&private_token=ZW9v-iPAqCsWzdQRqecZ
2021-02-09 23:52:30 [scrapy.core.engine] DEBUG: Crawled (200) <GET https://gitlab.com/api/v4/search?search=io.cmread&scope=projects&private_token=ZW9v-iPAqCsWzdQRqecZ> (referer: None)
2021-02-09 23:52:30 [scrapy.core.engine] DEBUG: Crawled (200) <GET https://gitlab.com/api/v4/search?search=https%3A//nexus.cmread.com&scope=projects&private_token=ZW9v-iPAqCsWzdQRqecZ> (referer: None)
2021-02-09 23:52:30 [spiderLogger] INFO: Parsing data from https://gitlab.com/api/v4/search?search=io.cmread&scope=projects&private_token=ZW9v-iPAqCsWzdQRqecZ
2021-02-09 23:52:30 [scrapy.core.engine] DEBUG: Crawled (200) <GET https://gitlab.com/api/v4/search?search=com.huawei.ereading&scope=projects&private_token=ZW9v-iPAqCsWzdQRqecZ> (referer: None)
2021-02-09 23:52:30 [scrapy.core.engine] DEBUG: Crawled (200) <GET https://gitlab.com/api/v4/search?search=com.wondertek.epubmaker&scope=projects&private_token=ZW9v-iPAqCsWzdQRqecZ> (referer: None)
2021-02-09 23:52:30 [scrapy.core.engine] DEBUG: Crawled (200) <GET https://gitlab.com/api/v4/search?search=sm.cmread.com&scope=projects&private_token=ZW9v-iPAqCsWzdQRqecZ> (referer: None)
2021-02-09 23:52:30 [spiderLogger] INFO: Parsing data from https://gitlab.com/api/v4/search?search=https%3A//nexus.cmread.com&scope=projects&private_token=ZW9v-iPAqCsWzdQRqecZ
2021-02-09 23:52:30 [spiderLogger] INFO: Parsing data from https://gitlab.com/api/v4/search?search=com.huawei.ereading&scope=projects&private_token=ZW9v-iPAqCsWzdQRqecZ
2021-02-09 23:52:30 [spiderLogger] INFO: Parsing data from https://gitlab.com/api/v4/search?search=com.wondertek.epubmaker&scope=projects&private_token=ZW9v-iPAqCsWzdQRqecZ
2021-02-09 23:52:30 [scrapy.core.engine] DEBUG: Crawled (200) <GET https://gitlab.com/api/v4/search?search=InteractionManager&scope=projects&private_token=ZW9v-iPAqCsWzdQRqecZ> (referer: None)
2021-02-09 23:52:30 [spiderLogger] INFO: Parsing data from https://gitlab.com/api/v4/search?search=sm.cmread.com&scope=projects&private_token=ZW9v-iPAqCsWzdQRqecZ
2021-02-09 23:52:30 [spiderLogger] INFO: Parsing data from https://gitlab.com/api/v4/search?search=InteractionManager&scope=projects&private_token=ZW9v-iPAqCsWzdQRqecZ
2021-02-09 23:52:30 [spiderLogger] INFO: Dump data from spider [gitlab_spider]
2021-02-09 23:52:30 [scrapy.core.scraper] DEBUG: Scraped from <200 https://gitlab.com/api/v4/search?search=InteractionManager&scope=projects&private_token=ZW9v-iPAqCsWzdQRqecZ>
{'created_at': '2020-05-03T17:31:07.375Z',
 'description': '',
 'name': 'SmoothyD',
 'repo_url': 'https://gitlab.com/SmoothyD/interactionmanager',
 'updated_at': '2020-08-25T17:14:30.314Z',
 'user_url': 'https://gitlab.com/SmoothyD'}
2021-02-09 23:52:30 [scrapy.core.engine] DEBUG: Crawled (200) <GET https://gitlab.com/api/v4/search?search=cdn.cmread.com&scope=projects&private_token=ZW9v-iPAqCsWzdQRqecZ> (referer: None)
2021-02-09 23:52:30 [scrapy.core.engine] DEBUG: Crawled (200) <GET https://gitlab.com/api/v4/search?search=mrmp.cmread.com&scope=projects&private_token=ZW9v-iPAqCsWzdQRqecZ> (referer: None)
2021-02-09 23:52:30 [spiderLogger] INFO: Parsing data from https://gitlab.com/api/v4/search?search=cdn.cmread.com&scope=projects&private_token=ZW9v-iPAqCsWzdQRqecZ
2021-02-09 23:52:30 [spiderLogger] INFO: Parsing data from https://gitlab.com/api/v4/search?search=mrmp.cmread.com&scope=projects&private_token=ZW9v-iPAqCsWzdQRqecZ
2021-02-09 23:52:30 [scrapy.core.engine] DEBUG: Crawled (200) <GET https://gitlab.com/api/v4/search?search=epubmaker.cmread.com&scope=projects&private_token=ZW9v-iPAqCsWzdQRqecZ> (referer: None)
2021-02-09 23:52:30 [spiderLogger] INFO: Parsing data from https://gitlab.com/api/v4/search?search=epubmaker.cmread.com&scope=projects&private_token=ZW9v-iPAqCsWzdQRqecZ
2021-02-09 23:52:31 [scrapy.core.engine] DEBUG: Crawled (200) <GET https://gitlab.com/api/v4/search?search=com.cmread.cmu&scope=projects&private_token=ZW9v-iPAqCsWzdQRqecZ> (referer: None)
2021-02-09 23:52:31 [spiderLogger] INFO: Parsing data from https://gitlab.com/api/v4/search?search=com.cmread.cmu&scope=projects&private_token=ZW9v-iPAqCsWzdQRqecZ
2021-02-09 23:52:31 [scrapy.core.engine] INFO: Closing spider (finished)
2021-02-09 23:52:31 [spiderLogger] INFO: Spider [gitlab_spider] closed, file closed
2021-02-09 23:52:31 [scrapy.statscollectors] INFO: Dumping Scrapy stats:
{'downloader/request_bytes': 5224,
 'downloader/request_count': 12,
 'downloader/request_method_count/GET': 12,
 'downloader/response_bytes': 14103,
 'downloader/response_count': 12,
 'downloader/response_status_count/200': 12,
 'elapsed_time_seconds': 4.44531,
 'finish_reason': 'finished',
 'finish_time': datetime.datetime(2021, 2, 9, 15, 52, 31, 541717),
 'item_scraped_count': 1,
 'log_count/DEBUG': 26,
 'log_count/INFO': 62,
 'response_received_count': 12,
 'robotstxt/request_count': 1,
 'robotstxt/response_count': 1,
 'robotstxt/response_status_count/200': 1,
 'scheduler/dequeued': 11,
 'scheduler/dequeued/memory': 11,
 'scheduler/enqueued': 11,
 'scheduler/enqueued/memory': 11,
 'start_time': datetime.datetime(2021, 2, 9, 15, 52, 27, 96407)}
2021-02-09 23:52:31 [scrapy.core.engine] INFO: Spider closed (finished)
2021-02-09 23:52:32 [scrapy.core.engine] DEBUG: Crawled (200) <GET https://api.github.com/robots.txt> (referer: None)
2021-02-09 23:52:32 [scrapy.core.engine] DEBUG: Crawled (200) <GET https://api.github.com/search/repositories?q=com.migu.reading&per_page=30> (referer: None)
2021-02-09 23:52:32 [spiderLogger] INFO: Parsing data from https://api.github.com/search/repositories?q=com.migu.reading&per_page=30
2021-02-09 23:52:33 [scrapy.core.engine] DEBUG: Crawled (200) <GET https://api.github.com/search/repositories?q=cdn.cmread.com&per_page=30> (referer: None)
2021-02-09 23:52:33 [scrapy.core.engine] DEBUG: Crawled (200) <GET https://api.github.com/search/repositories?q=com.huawei.ereading&per_page=30> (referer: None)
2021-02-09 23:52:33 [scrapy.core.engine] DEBUG: Crawled (200) <GET https://api.github.com/search/repositories?q=com.cmread.cmu&per_page=30> (referer: None)
2021-02-09 23:52:33 [scrapy.core.engine] DEBUG: Crawled (200) <GET https://api.github.com/search/repositories?q=com.wondertek.epubmaker&per_page=30> (referer: None)
2021-02-09 23:52:33 [spiderLogger] INFO: Parsing data from https://api.github.com/search/repositories?q=cdn.cmread.com&per_page=30
2021-02-09 23:52:33 [scrapy.core.engine] DEBUG: Crawled (200) <GET https://api.github.com/search/repositories?q=https%3A//nexus.cmread.com&per_page=30> (referer: None)
2021-02-09 23:52:33 [spiderLogger] INFO: Parsing data from https://api.github.com/search/repositories?q=com.huawei.ereading&per_page=30
2021-02-09 23:52:33 [spiderLogger] INFO: Parsing data from https://api.github.com/search/repositories?q=com.cmread.cmu&per_page=30
2021-02-09 23:52:33 [spiderLogger] INFO: Parsing data from https://api.github.com/search/repositories?q=com.wondertek.epubmaker&per_page=30
2021-02-09 23:52:33 [spiderLogger] INFO: Parsing data from https://api.github.com/search/repositories?q=https%3A//nexus.cmread.com&per_page=30
2021-02-09 23:52:33 [scrapy.core.engine] DEBUG: Crawled (200) <GET https://api.github.com/search/repositories?q=epubmaker.cmread.com&per_page=30> (referer: None)
2021-02-09 23:52:33 [scrapy.core.engine] DEBUG: Crawled (200) <GET https://api.github.com/search/repositories?q=mrmp.cmread.com&per_page=30> (referer: None)
2021-02-09 23:52:33 [spiderLogger] INFO: Parsing data from https://api.github.com/search/repositories?q=epubmaker.cmread.com&per_page=30
2021-02-09 23:52:33 [scrapy.core.engine] DEBUG: Crawled (200) <GET https://api.github.com/search/repositories?q=InteractionManager&per_page=30> (referer: None)
2021-02-09 23:52:33 [spiderLogger] INFO: Parsing data from https://api.github.com/search/repositories?q=mrmp.cmread.com&per_page=30
2021-02-09 23:52:33 [spiderLogger] INFO: Parsing data from https://api.github.com/search/repositories?q=InteractionManager&per_page=30
2021-02-09 23:52:33 [spiderLogger] INFO: Dump data from spider [github_spider]
2021-02-09 23:52:33 [scrapy.core.scraper] DEBUG: Scraped from <200 https://api.github.com/search/repositories?q=InteractionManager&per_page=30>
{'created_at': '2016-12-12T20:28:19Z',
 'description': 'React Native InteractionManager helpers.',
 'name': 'jshanson7',
 'private': False,
 'repo_url': 'https://github.com/jshanson7/react-native-interactions',
 'updated_at': '2020-11-27T06:45:32Z',
 'user_url': 'https://github.com/jshanson7'}
2021-02-09 23:52:33 [spiderLogger] INFO: Dump data from spider [github_spider]
2021-02-09 23:52:33 [scrapy.core.scraper] DEBUG: Scraped from <200 https://api.github.com/search/repositories?q=InteractionManager&per_page=30>
{'created_at': '2015-08-10T21:19:09Z',
 'description': ' Example of using InteractionManager to avoid Navigator '
                'transition delays',
 'name': 'brentvatne',
 'private': False,
 'repo_url': 'https://github.com/brentvatne/run-after-interactions-exp',
 'updated_at': '2020-04-09T11:12:31Z',
 'user_url': 'https://github.com/brentvatne'}
2021-02-09 23:52:33 [spiderLogger] INFO: Dump data from spider [github_spider]
2021-02-09 23:52:33 [scrapy.core.scraper] DEBUG: Scraped from <200 https://api.github.com/search/repositories?q=InteractionManager&per_page=30>
{'created_at': '2019-02-08T15:53:17Z',
 'description': "The L2TOR system's interaction manager",
 'name': 'l2tor',
 'private': False,
 'repo_url': 'https://github.com/l2tor/interactionmanager',
 'updated_at': '2019-07-09T12:14:15Z',
 'user_url': 'https://github.com/l2tor'}
2021-02-09 23:52:33 [spiderLogger] INFO: Dump data from spider [github_spider]
2021-02-09 23:52:33 [scrapy.core.scraper] DEBUG: Scraped from <200 https://api.github.com/search/repositories?q=InteractionManager&per_page=30>
{'created_at': '2015-09-18T12:06:11Z',
 'description': 'Automatically exported from '
                'code.google.com/p/purewidgets.interactionmanager',
 'name': 'Abeneezer',
 'private': False,
 'repo_url': 'https://github.com/Abeneezer/purewidgets.interactionmanager',
 'updated_at': '2015-09-18T12:06:11Z',
 'user_url': 'https://github.com/Abeneezer'}
2021-02-09 23:52:33 [spiderLogger] INFO: Dump data from spider [github_spider]
2021-02-09 23:52:33 [scrapy.core.scraper] DEBUG: Scraped from <200 https://api.github.com/search/repositories?q=InteractionManager&per_page=30>
{'created_at': '2013-03-29T18:05:24Z',
 'description': 'Interaction Manager app for SOC',
 'name': 'psdeshp2',
 'private': False,
 'repo_url': 'https://github.com/psdeshp2/InteractionManager',
 'updated_at': '2014-03-03T13:40:26Z',
 'user_url': 'https://github.com/psdeshp2'}
2021-02-09 23:52:33 [spiderLogger] INFO: Dump data from spider [github_spider]
2021-02-09 23:52:33 [scrapy.core.scraper] DEBUG: Scraped from <200 https://api.github.com/search/repositories?q=InteractionManager&per_page=30>
{'created_at': '2015-04-06T19:35:23Z',
 'description': 'Automatically exported from '
                'code.google.com/p/purewidgets.interactionmanager',
 'name': 'jorgecardoso',
 'private': False,
 'repo_url': 'https://github.com/jorgecardoso/purewidgets.interactionmanager',
 'updated_at': '2015-04-06T19:45:58Z',
 'user_url': 'https://github.com/jorgecardoso'}
2021-02-09 23:52:33 [spiderLogger] INFO: Dump data from spider [github_spider]
2021-02-09 23:52:33 [scrapy.core.scraper] DEBUG: Scraped from <200 https://api.github.com/search/repositories?q=InteractionManager&per_page=30>
{'created_at': '2016-09-26T07:16:21Z',
 'description': 'Timed InteractionManager for React Native',
 'name': 'carbureted',
 'private': False,
 'repo_url': 'https://github.com/carbureted/timed-interaction-manager',
 'updated_at': '2016-09-26T07:22:46Z',
 'user_url': 'https://github.com/carbureted'}
2021-02-09 23:52:33 [spiderLogger] INFO: Dump data from spider [github_spider]
2021-02-09 23:52:34 [scrapy.core.scraper] DEBUG: Scraped from <200 https://api.github.com/search/repositories?q=InteractionManager&per_page=30>
{'created_at': '2017-08-10T02:56:15Z',
 'description': None,
 'name': 'ercanse',
 'private': False,
 'repo_url': 'https://github.com/ercanse/InteractionManager',
 'updated_at': '2017-08-10T02:58:08Z',
 'user_url': 'https://github.com/ercanse'}
2021-02-09 23:52:34 [spiderLogger] INFO: Dump data from spider [github_spider]
2021-02-09 23:52:34 [scrapy.core.scraper] DEBUG: Scraped from <200 https://api.github.com/search/repositories?q=InteractionManager&per_page=30>
{'created_at': '2015-06-17T22:07:13Z',
 'description': 'PROOF OF CONCEPT - ABANDONED',
 'name': 'misterdustinface',
 'private': False,
 'repo_url': 'https://github.com/misterdustinface/InteractionManager',
 'updated_at': '2016-01-14T18:25:02Z',
 'user_url': 'https://github.com/misterdustinface'}
2021-02-09 23:52:34 [spiderLogger] INFO: Dump data from spider [github_spider]
2021-02-09 23:52:34 [scrapy.core.scraper] DEBUG: Scraped from <200 https://api.github.com/search/repositories?q=InteractionManager&per_page=30>
{'created_at': '2014-10-26T03:55:08Z',
 'description': 'Touch and Mouse events for THREE.js!',
 'name': 'SebastianNette',
 'private': False,
 'repo_url': 'https://github.com/SebastianNette/THREE.InteractionManager',
 'updated_at': '2016-10-15T04:06:38Z',
 'user_url': 'https://github.com/SebastianNette'}
2021-02-09 23:52:34 [scrapy.core.engine] DEBUG: Crawled (200) <GET https://api.github.com/search/repositories?q=sm.cmread.com&per_page=30> (referer: None)
2021-02-09 23:52:34 [spiderLogger] INFO: Parsing data from https://api.github.com/search/repositories?q=sm.cmread.com&per_page=30
2021-02-09 23:52:35 [scrapy.core.engine] DEBUG: Crawled (403) <GET https://api.github.com/search/repositories?q=io.cmread&per_page=30> (referer: None)
2021-02-09 23:52:35 [scrapy.spidermiddlewares.httperror] INFO: Ignoring response <403 https://api.github.com/search/repositories?q=io.cmread&per_page=30>: HTTP status code is not handled or not allowed
2021-02-09 23:52:35 [scrapy.core.engine] INFO: Closing spider (finished)
2021-02-09 23:52:35 [spiderLogger] INFO: Spider [github_spider] closed, file closed
2021-02-09 23:52:35 [scrapy.statscollectors] INFO: Dumping Scrapy stats:
{'downloader/request_bytes': 4183,
 'downloader/request_count': 12,
 'downloader/request_method_count/GET': 12,
 'downloader/response_bytes': 18420,
 'downloader/response_count': 12,
 'downloader/response_status_count/200': 11,
 'downloader/response_status_count/403': 1,
 'elapsed_time_seconds': 8.570597,
 'finish_reason': 'finished',
 'finish_time': datetime.datetime(2021, 2, 9, 15, 52, 35, 624010),
 'httperror/response_ignored_count': 1,
 'httperror/response_ignored_status_count/403': 1,
 'item_scraped_count': 10,
 'log_count/DEBUG': 48,
 'log_count/INFO': 98,
 'response_received_count': 12,
 'robotstxt/request_count': 1,
 'robotstxt/response_count': 1,
 'robotstxt/response_status_count/200': 1,
 'scheduler/dequeued': 11,
 'scheduler/dequeued/memory': 11,
 'scheduler/enqueued': 11,
 'scheduler/enqueued/memory': 11,
 'start_time': datetime.datetime(2021, 2, 9, 15, 52, 27, 53413)}
2021-02-09 23:52:35 [scrapy.core.engine] INFO: Spider closed (finished)
2021-02-09 23:52:36 [spiderLogger] INFO: Prepare to send email
2021-02-09 23:52:44 [spiderLogger] INFO: Send Email to ['zhuweijie@ebupt.com']
